0 info it worked if it ends with ok
1 verbose cli [ 'c:\\Program Files\\nodejs\\node.exe',
1 verbose cli   'c:\\Program Files\\nodejs\\node_modules\\npm\\bin\\npm-cli.js',
1 verbose cli   'publish' ]
2 info using npm@1.4.28
3 info using node@v0.10.32
4 verbose publish [ '.' ]
5 verbose cache add [ '.', null ]
6 verbose cache add name=undefined spec="." args=[".",null]
7 verbose parsed url { protocol: null,
7 verbose parsed url   slashes: null,
7 verbose parsed url   auth: null,
7 verbose parsed url   host: null,
7 verbose parsed url   port: null,
7 verbose parsed url   hostname: null,
7 verbose parsed url   hash: null,
7 verbose parsed url   search: null,
7 verbose parsed url   query: null,
7 verbose parsed url   pathname: '.',
7 verbose parsed url   path: '.',
7 verbose parsed url   href: '.' }
8 silly lockFile 3a52ce78- .
9 verbose lock . C:\Users\Administrator\AppData\Roaming\npm-cache\3a52ce78-.lock
10 verbose tar pack [ 'C:\\Users\\Administrator\\AppData\\Roaming\\npm-cache\\studwebfk_branck\\1.0.1\\package.tgz',
10 verbose tar pack   '.' ]
11 verbose tarball C:\Users\Administrator\AppData\Roaming\npm-cache\studwebfk_branck\1.0.1\package.tgz
12 verbose folder .
13 info prepublish studwebfk_branck@1.0.1
14 silly lockFile 1f1177db-tar tar://.
15 verbose lock tar://. C:\Users\Administrator\AppData\Roaming\npm-cache\1f1177db-tar.lock
16 silly lockFile 2e75a874-udwebfk-branck-1-0-1-package-tgz tar://C:\Users\Administrator\AppData\Roaming\npm-cache\studwebfk_branck\1.0.1\package.tgz
17 verbose lock tar://C:\Users\Administrator\AppData\Roaming\npm-cache\studwebfk_branck\1.0.1\package.tgz C:\Users\Administrator\AppData\Roaming\npm-cache\2e75a874-udwebfk-branck-1-0-1-package-tgz.lock
18 silly lockFile 1f1177db-tar tar://.
19 silly lockFile 1f1177db-tar tar://.
20 silly lockFile 2e75a874-udwebfk-branck-1-0-1-package-tgz tar://C:\Users\Administrator\AppData\Roaming\npm-cache\studwebfk_branck\1.0.1\package.tgz
21 silly lockFile 2e75a874-udwebfk-branck-1-0-1-package-tgz tar://C:\Users\Administrator\AppData\Roaming\npm-cache\studwebfk_branck\1.0.1\package.tgz
22 silly lockFile bae46b8f-e-studwebfk-branck-1-0-1-package C:\Users\Administrator\AppData\Roaming\npm-cache\studwebfk_branck\1.0.1\package
23 verbose lock C:\Users\Administrator\AppData\Roaming\npm-cache\studwebfk_branck\1.0.1\package C:\Users\Administrator\AppData\Roaming\npm-cache\bae46b8f-e-studwebfk-branck-1-0-1-package.lock
24 silly lockFile bae46b8f-e-studwebfk-branck-1-0-1-package C:\Users\Administrator\AppData\Roaming\npm-cache\studwebfk_branck\1.0.1\package
25 silly lockFile bae46b8f-e-studwebfk-branck-1-0-1-package C:\Users\Administrator\AppData\Roaming\npm-cache\studwebfk_branck\1.0.1\package
26 silly lockFile 3a52ce78- .
27 silly lockFile 3a52ce78- .
28 silly publish { name: 'studwebfk_branck',
28 silly publish   version: '1.0.1',
28 silly publish   description: 'Node\r ====',
28 silly publish   main: 'service.js',
28 silly publish   scripts: { test: 'echo "Error: no test specified" && exit 1' },
28 silly publish   repository: { type: 'git', url: 'https://github.com/iAngularjs/Node.git' },
28 silly publish   author: { name: 'andy' },
28 silly publish   license: 'MIT',
28 silly publish   bugs: { url: 'https://github.com/iAngularjs/Node/issues' },
28 silly publish   homepage: 'https://github.com/iAngularjs/Node',
28 silly publish   directories: { example: 'example' },
28 silly publish   keywords: [ 'node' ],
28 silly publish   readme: 'ERROR: No README data found!',
28 silly publish   _id: 'studwebfk_branck@1.0.1',
28 silly publish   _shasum: '97f618f5d56b25a798698ce04bac998afd40d683',
28 silly publish   _from: '.' }
29 verbose request where is /studwebfk_branck
30 verbose request registry https://registry.npmjs.org/
31 verbose request id 95bde7e969b37753
32 verbose url raw /studwebfk_branck
33 verbose url resolving [ 'https://registry.npmjs.org/', './studwebfk_branck' ]
34 verbose url resolved https://registry.npmjs.org/studwebfk_branck
35 verbose request where is https://registry.npmjs.org/studwebfk_branck
36 info trying registry request attempt 1 at 15:00:58
37 http PUT https://registry.npmjs.org/studwebfk_branck
38 http 403 https://registry.npmjs.org/studwebfk_branck
39 verbose headers { date: 'Thu, 08 Jan 2015 07:00:55 GMT',
39 verbose headers   server: 'CouchDB/1.5.0 (Erlang OTP/R16B03)',
39 verbose headers   'content-type': 'application/json',
39 verbose headers   'cache-control': 'max-age=60',
39 verbose headers   'content-length': '2005',
39 verbose headers   'accept-ranges': 'bytes',
39 verbose headers   via: '1.1 varnish',
39 verbose headers   'x-served-by': 'cache-ty67-TYO',
39 verbose headers   'x-cache': 'MISS',
39 verbose headers   'x-cache-hits': '0',
39 verbose headers   'x-timer': 'S1420700455.030307,VS0,VE441',
39 verbose headers   'keep-alive': 'timeout=10, max=50',
39 verbose headers   connection: 'Keep-Alive' }
40 error publish Failed PUT 403
41 error Error: forbidden cannot modify pre-existing version: 1.0.1
41 error old={"name":"studwebfk_branck","version":"1.0.1","description":"Node\u000d ====","main":"service.js","scripts":{"test":"echo \"Error: no test specified\" && exit 1"},"repository":{"type":"git","url":"https://github.com/iAngularjs/Node.git"},"author":{"name":"andy"},"license":"MIT","bugs":{"url":"https://github.com/iAngularjs/Node/issues"},"homepage":"https://github.com/iAngularjs/Node","directories":{"example":"example"},"keywords":["node"],"_id":"studwebfk_branck@1.0.1","_shasum":"7aeb7069bff8f66147365aa2e88a8fc4e2776628","_from":".","_npmVersion":"1.4.28","_npmUser":{"name":"yangfei","email":"307971872@qq.com"},"maintainers":[{"name":"yangfei","email":"307971872@qq.com"}],"dist":{"shasum":"7aeb7069bff8f66147365aa2e88a8fc4e2776628","tarball":"http://registry.npmjs.org/studwebfk_branck/-/studwebfk_branck-1.0.1.tgz"}}
41 error new={"name":"studwebfk_branck","version":"1.0.1","description":"Node\u000d ====","main":"service.js","scripts":{"test":"echo \"Error: no test specified\" && exit 1"},"repository":{"type":"git","url":"https://github.com/iAngularjs/Node.git"},"author":{"name":"andy"},"license":"MIT","bugs":{"url":"https://github.com/iAngularjs/Node/issues"},"homepage":"https://github.com/iAngularjs/Node","directories":{"example":"example"},"keywords":["node"],"readme":"ERROR: No README data found!","_id":"studwebfk_branck@1.0.1","_shasum":"97f618f5d56b25a798698ce04bac998afd40d683","_from":".","_npmVersion":"1.4.28","_npmUser":{"name":"yangfei","email":"307971872@qq.com"},"maintainers":[{"name":"yangfei","email":"307971872@qq.com"}],"dist":{"shasum":"97f618f5d56b25a798698ce04bac998afd40d683","tarball":"http://registry.npmjs.org/studwebfk_branck/-/studwebfk_branck-1.0.1.tgz"}}: studwebfk_branck
41 error     at RegClient.<anonymous> (c:\Program Files\nodejs\node_modules\npm\node_modules\npm-registry-client\lib\request.js:308:14)
41 error     at Request._callback (c:\Program Files\nodejs\node_modules\npm\node_modules\npm-registry-client\lib\request.js:246:65)
41 error     at Request.self.callback (c:\Program Files\nodejs\node_modules\npm\node_modules\request\request.js:236:22)
41 error     at Request.emit (events.js:98:17)
41 error     at Request.<anonymous> (c:\Program Files\nodejs\node_modules\npm\node_modules\request\request.js:1142:14)
41 error     at Request.emit (events.js:117:20)
41 error     at IncomingMessage.<anonymous> (c:\Program Files\nodejs\node_modules\npm\node_modules\request\request.js:1096:12)
41 error     at IncomingMessage.emit (events.js:117:20)
41 error     at _stream_readable.js:943:16
41 error     at process._tickCallback (node.js:419:13)
42 error If you need help, you may report this *entire* log,
42 error including the npm and node versions, at:
42 error     <http://github.com/npm/npm/issues>
43 error System Windows_NT 6.1.7600
44 error command "c:\\Program Files\\nodejs\\node.exe" "c:\\Program Files\\nodejs\\node_modules\\npm\\bin\\npm-cli.js" "publish"
45 error cwd E:\wamp\www\Node\stuwefk
46 error node -v v0.10.32
47 error npm -v 1.4.28
48 verbose exit [ 1, true ]
